0 info it worked if it ends with ok
1 verbose cli [ 'C:\\Program Files\\nodejs\\node.exe',
1 verbose cli   'C:\\Users\\Krampouez\\AppData\\Roaming\\npm\\node_modules\\npm\\bin\\npm-cli.js',
1 verbose cli   'start' ]
2 info using npm@3.10.6
3 info using node@v8.0.0
4 verbose run-script [ 'prestart', 'start', 'poststart' ]
5 info lifecycle node-todo-api@1.0.0~prestart: node-todo-api@1.0.0
6 silly lifecycle node-todo-api@1.0.0~prestart: no script for prestart, continuing
7 info lifecycle node-todo-api@1.0.0~start: node-todo-api@1.0.0
8 verbose lifecycle node-todo-api@1.0.0~start: unsafe-perm in lifecycle true
9 verbose lifecycle node-todo-api@1.0.0~start: PATH: C:\Users\Krampouez\AppData\Roaming\npm\node_modules\npm\bin\node-gyp-bin;C:\Users\Krampouez\Desktop\Udemy Courses\node.js\node-todo-api\node_modules\.bin;C:\Users\Krampouez\bin;C:\Program Files\Git\mingw64\bin;C:\Program Files\Git\usr\local\bin;C:\Program Files\Git\usr\bin;C:\Program Files\Git\usr\bin;C:\Program Files\Git\mingw64\bin;C:\Program Files\Git\usr\bin;C:\Users\Krampouez\bin;C:\program files\graphicsmagick-1.3.24-q8;C:\Program Files\ImageMagick-7.0.2-Q16;C:\ProgramData\Oracle\Java\javapath;C:\Program Files (x86)\Intel\iCLS Client;C:\Program Files\Intel\iCLS Client;C:\Windows\system32;C:\Windows;C:\Windows\System32\Wbem;C:\Windows\System32\WindowsPowerShell\v1.0;C:\Program Files (x86)\Intel\Intel(R) Management Engine Components\DAL;C:\Program Files\Intel\Intel(R) Management Engine Components\DAL;C:\Program Files (x86)\Intel\Intel(R) Management Engine Components\IPT;C:\Program Files\Intel\Intel(R) Management Engine Components\IPT;C:\Program Files (x86)\NVIDIA Corporation\PhysX\Common;C:\HashiCorp\Vagrant\bin;C:\WINDOWS\system32;C:\WINDOWS;C:\WINDOWS\System32\Wbem;C:\WINDOWS\System32\WindowsPowerShell\v1.0;C:\Program Files (x86)\Skype\Phone;C:\Program Files\Intel\WiFi\bin;C:\Program Files\Common Files\Intel\WirelessCommon;C:\Program Files\nodejs;C:\Program Files (x86)\Brackets\command;C:\Ruby22\bin;C:\Program Files\Java\jdk1.8.0_91\bin;C:\Program Files\apache-ant-1.9.7-bin\apache-ant-1.9.7\bin;C:\Users\Krampouez\AppData\Local\Android\sdk\tools;C:\Users\Krampouez\AppData\Local\Android\sdk\platform-tools;C:\Users\Krampouez\Anaconda2;C:\Users\Krampouez\Anaconda2\Scripts;C:\Users\Krampouez\Anaconda2\Library\bin;C:\Program Files\Docker Toolbox;C:\Users\Krampouez\AppData\Local\Microsoft\WindowsApps;C:\Users\Krampouez\AppData\Local\Google\Cloud SDK\google-cloud-sdk\bin;C:\Program Files (x86)\Google\google_appengine;C:\Users\Krampouez\AppData\Roaming\npm;C:\Program Files\Heroku\bin;C:\Program Files\Git\usr\bin\vendor_perl;C:\Program Files\Git\usr\bin\core_perl
10 verbose lifecycle node-todo-api@1.0.0~start: CWD: C:\Users\Krampouez\Desktop\Udemy Courses\node.js\node-todo-api
11 silly lifecycle node-todo-api@1.0.0~start: Args: [ '/d /s /c', 'node server/server.js' ]
12 silly lifecycle node-todo-api@1.0.0~start: Returned: code: 1  signal: null
13 info lifecycle node-todo-api@1.0.0~start: Failed to exec start script
14 verbose stack Error: node-todo-api@1.0.0 start: `node server/server.js`
14 verbose stack Exit status 1
14 verbose stack     at EventEmitter.<anonymous> (C:\Users\Krampouez\AppData\Roaming\npm\node_modules\npm\lib\utils\lifecycle.js:255:16)
14 verbose stack     at emitTwo (events.js:125:13)
14 verbose stack     at EventEmitter.emit (events.js:213:7)
14 verbose stack     at ChildProcess.<anonymous> (C:\Users\Krampouez\AppData\Roaming\npm\node_modules\npm\lib\utils\spawn.js:40:14)
14 verbose stack     at emitTwo (events.js:125:13)
14 verbose stack     at ChildProcess.emit (events.js:213:7)
14 verbose stack     at maybeClose (internal/child_process.js:887:16)
14 verbose stack     at Process.ChildProcess._handle.onexit (internal/child_process.js:208:5)
15 verbose pkgid node-todo-api@1.0.0
16 verbose cwd C:\Users\Krampouez\Desktop\Udemy Courses\node.js\node-todo-api
17 error Windows_NT 10.0.15063
18 error argv "C:\\Program Files\\nodejs\\node.exe" "C:\\Users\\Krampouez\\AppData\\Roaming\\npm\\node_modules\\npm\\bin\\npm-cli.js" "start"
19 error node v8.0.0
20 error npm  v3.10.6
21 error code ELIFECYCLE
22 error node-todo-api@1.0.0 start: `node server/server.js`
22 error Exit status 1
23 error Failed at the node-todo-api@1.0.0 start script 'node server/server.js'.
23 error Make sure you have the latest version of node.js and npm installed.
23 error If you do, this is most likely a problem with the node-todo-api package,
23 error not with npm itself.
23 error Tell the author that this fails on your system:
23 error     node server/server.js
23 error You can get information on how to open an issue for this project with:
23 error     npm bugs node-todo-api
23 error Or if that isn't available, you can get their info via:
23 error     npm owner ls node-todo-api
23 error There is likely additional logging output above.
24 verbose exit [ 1, true ]
